0 info it worked if it ends with ok
1 verbose cli [ '/usr/local/bin/node',
1 verbose cli   '/usr/local/bin/npm',
1 verbose cli   'run',
1 verbose cli   'run-server' ]
2 info using npm@3.9.5
3 info using node@v6.2.2
4 verbose run-script [ 'prerun-server', 'run-server', 'postrun-server' ]
5 info lifecycle react-starter-template@1.0.0~prerun-server: react-starter-template@1.0.0
6 silly lifecycle react-starter-template@1.0.0~prerun-server: no script for prerun-server, continuing
7 info lifecycle react-starter-template@1.0.0~run-server: react-starter-template@1.0.0
8 verbose lifecycle react-starter-template@1.0.0~run-server: unsafe-perm in lifecycle true
9 verbose lifecycle react-starter-template@1.0.0~run-server: PATH: /usr/local/lib/node_modules/npm/bin/node-gyp-bin:/Users/tronbe/Code/TvangstrøyeInstagram/node_modules/.bin:/usr/local/bin:/usr/local/bin:/usr/bin:/bin:/usr/sbin:/sbin
10 verbose lifecycle react-starter-template@1.0.0~run-server: CWD: /Users/tronbe/Code/TvangstrøyeInstagram
11 silly lifecycle react-starter-template@1.0.0~run-server: Args: [ '-c', 'npm run postinstall && npm start' ]
12 silly lifecycle react-starter-template@1.0.0~run-server: Returned: code: 1  signal: null
13 info lifecycle react-starter-template@1.0.0~run-server: Failed to exec run-server script
14 verbose stack Error: react-starter-template@1.0.0 run-server: `npm run postinstall && npm start`
14 verbose stack Exit status 1
14 verbose stack     at EventEmitter.<anonymous> (/usr/local/lib/node_modules/npm/lib/utils/lifecycle.js:245:16)
14 verbose stack     at emitTwo (events.js:106:13)
14 verbose stack     at EventEmitter.emit (events.js:191:7)
14 verbose stack     at ChildProcess.<anonymous> (/usr/local/lib/node_modules/npm/lib/utils/spawn.js:24:14)
14 verbose stack     at emitTwo (events.js:106:13)
14 verbose stack     at ChildProcess.emit (events.js:191:7)
14 verbose stack     at maybeClose (internal/child_process.js:852:16)
14 verbose stack     at Process.ChildProcess._handle.onexit (internal/child_process.js:215:5)
15 verbose pkgid react-starter-template@1.0.0
16 verbose cwd /Users/tronbe/Code/TvangstrøyeInstagram/src/server/services
17 error Darwin 16.0.0
18 error argv "/usr/local/bin/node" "/usr/local/bin/npm" "run" "run-server"
19 error node v6.2.2
20 error npm  v3.9.5
21 error code ELIFECYCLE
22 error react-starter-template@1.0.0 run-server: `npm run postinstall && npm start`
22 error Exit status 1
23 error Failed at the react-starter-template@1.0.0 run-server script 'npm run postinstall && npm start'.
23 error Make sure you have the latest version of node.js and npm installed.
23 error If you do, this is most likely a problem with the react-starter-template package,
23 error not with npm itself.
23 error Tell the author that this fails on your system:
23 error     npm run postinstall && npm start
23 error You can get information on how to open an issue for this project with:
23 error     npm bugs react-starter-template
23 error Or if that isn't available, you can get their info via:
23 error     npm owner ls react-starter-template
23 error There is likely additional logging output above.
24 verbose exit [ 1, true ]
